xcrun --sdk macosx --show-sdk-path
xcrun --sdk macosx --show-sdk-platform-path
xcrun --sdk macosx --find xctest
sandbox-exec -p '(version 1)
(deny default)
(import "system.sb")
(allow file-read*)
(allow process*)
(allow sysctl*)
(allow file-write*
    (regex #"^/private/var/tmp/org\.llvm\.clang.*")
    (regex #"^/var/folders/3_/0qcdm7_s10g6klv96tp_5xcr0000gn/T/org\.llvm\.clang.*")
    (regex #"^/private/var/folders/3_/0qcdm7_s10g6klv96tp_5xcr0000gn/T/org\.llvm\.clang.*")
    (regex #"^/private/var/folders/3_/0qcdm7_s10g6klv96tp_5xcr0000gn/C/org\.llvm\.clang.*")
)
' /Library/Developer/Toolchains/swift-tensorflow-DEVELOPMENT-2019-01-04-a.xctoolchain/usr/bin/swiftc --driver-mode=swift -L /Library/Developer/Toolchains/swift-tensorflow-DEVELOPMENT-2019-01-04-a.xctoolchain/usr/lib/swift/pm/4_2 -lPackageDescription -swift-version 4.2 -I /Library/Developer/Toolchains/swift-tensorflow-DEVELOPMENT-2019-01-04-a.xctoolchain/usr/lib/swift/pm/4_2 -target x86_64-apple-macosx10.10 -sdk /Applications/Xcode.app/Contents/Developer/Platforms/MacOSX.platform/Developer/SDKs/MacOSX10.14.sdk /Users/roaming/Projects/TFSwiftReports/Package.swift -fileno 7
/Library/Developer/Toolchains/swift-tensorflow-DEVELOPMENT-2019-01-04-a.xctoolchain/usr/bin/swiftc -module-name TFSwiftReports -incremental -emit-dependencies -emit-module -emit-module-path /Users/roaming/Projects/TFSwiftReports/.build/x86_64-apple-macosx10.10/debug/TFSwiftReports.swiftmodule -output-file-map /Users/roaming/Projects/TFSwiftReports/.build/x86_64-apple-macosx10.10/debug/TFSwiftReports.build/output-file-map.json -parse-as-library -c /Users/roaming/Projects/TFSwiftReports/Sources/TFSwiftReports/TFSwiftReports.swift -I /Users/roaming/Projects/TFSwiftReports/.build/x86_64-apple-macosx10.10/debug -swift-version 4.2 -enable-batch-mode -index-store-path /Users/roaming/Projects/TFSwiftReports/.build/x86_64-apple-macosx10.10/debug/index/store -target x86_64-apple-macosx10.10 -sdk /Applications/Xcode.app/Contents/Developer/Platforms/MacOSX.platform/Developer/SDKs/MacOSX10.14.sdk -F /Applications/Xcode.app/Contents/Developer/Platforms/MacOSX.platform/Developer/Library/Frameworks -Onone -g -enable-testing -j4 -DSWIFT_PACKAGE -DDEBUG -module-cache-path /Users/roaming/Projects/TFSwiftReports/.build/x86_64-apple-macosx10.10/debug/ModuleCache
Index: Duplicate USR! s:SD3keyL_xvg
Index: Duplicate USR! s:SD3keyL_xvp
Index: Duplicate USR! s:SD3keyL_xvs
Index: Duplicate USR! s:s13DecodingErrorO1_ypXpvg
Index: Duplicate USR! s:s13DecodingErrorO1_ypXpvp
Index: Duplicate USR! s:s13DecodingErrorO1_ypXpvs
Index: Duplicate USR! s:s13DecodingErrorO1_AB7ContextVvg
Index: Duplicate USR! s:s13DecodingErrorO1_AB7ContextVvp
Index: Duplicate USR! s:s13DecodingErrorO1_AB7ContextVvs
Index: Duplicate USR! s:s13DecodingErrorO1_AB7ContextVvg
Index: Duplicate USR! s:s13DecodingErrorO1_AB7ContextVvp
Index: Duplicate USR! s:s13DecodingErrorO1_AB7ContextVvs
Index: Duplicate USR! s:s13DecodingErrorO1_AB7ContextVvg
Index: Duplicate USR! s:s13DecodingErrorO1_AB7ContextVvp
Index: Duplicate USR! s:s13DecodingErrorO1_AB7ContextVvs
Index: Duplicate USR! s:s20_PlaygroundQuickLookO1_ypvg
Index: Duplicate USR! s:s20_PlaygroundQuickLookO1_ypvp
Index: Duplicate USR! s:s20_PlaygroundQuickLookO1_ypvs
Index: Duplicate USR! s:s20_PlaygroundQuickLookO1_ypvg
Index: Duplicate USR! s:s20_PlaygroundQuickLookO1_ypvp
Index: Duplicate USR! s:s20_PlaygroundQuickLookO1_ypvs
Index: Duplicate USR! s:s20_PlaygroundQuickLookO1_ypvg
Index: Duplicate USR! s:s20_PlaygroundQuickLookO1_ypvp
Index: Duplicate USR! s:s20_PlaygroundQuickLookO1_ypvs
Index: Duplicate USR! s:s20_PlaygroundQuickLookO1_ypvg
Index: Duplicate USR! s:s20_PlaygroundQuickLookO1_ypvp
Index: Duplicate USR! s:s20_PlaygroundQuickLookO1_ypvs
Index: Duplicate USR! s:s20_PlaygroundQuickLookO1_Sdvg
Index: Duplicate USR! s:s20_PlaygroundQuickLookO1_Sdvp
Index: Duplicate USR! s:s20_PlaygroundQuickLookO1_Sdvs
Index: Duplicate USR! s:s20_PlaygroundQuickLookO1_Sdvg
Index: Duplicate USR! s:s20_PlaygroundQuickLookO1_Sdvp
Index: Duplicate USR! s:s20_PlaygroundQuickLookO1_Sdvs
Index: Duplicate USR! s:s20_PlaygroundQuickLookO1_Sdvg
Index: Duplicate USR! s:s20_PlaygroundQuickLookO1_Sdvp
Index: Duplicate USR! s:s20_PlaygroundQuickLookO1_Sdvs
Index: Duplicate USR! s:s20_PlaygroundQuickLookO1_Sdvg
Index: Duplicate USR! s:s20_PlaygroundQuickLookO1_Sdvp
Index: Duplicate USR! s:s20_PlaygroundQuickLookO1_Sdvs
Index: Duplicate USR! s:s20_PlaygroundQuickLookO1_Sdvg
Index: Duplicate USR! s:s20_PlaygroundQuickLookO1_Sdvp
Index: Duplicate USR! s:s20_PlaygroundQuickLookO1_Sdvs
Index: Duplicate USR! s:s20_PlaygroundQuickLookO1_Sdvg
Index: Duplicate USR! s:s20_PlaygroundQuickLookO1_Sdvp
Index: Duplicate USR! s:s20_PlaygroundQuickLookO1_Sdvs
Index: Duplicate USR! s:s20_PlaygroundQuickLookO1_Sdvg
Index: Duplicate USR! s:s20_PlaygroundQuickLookO1_Sdvp
Index: Duplicate USR! s:s20_PlaygroundQuickLookO1_Sdvs
Index: Duplicate USR! s:s20_PlaygroundQuickLookO1_Sdvg
Index: Duplicate USR! s:s20_PlaygroundQuickLookO1_Sdvp
Index: Duplicate USR! s:s20_PlaygroundQuickLookO1_Sdvs
Index: Duplicate USR! s:s20_PlaygroundQuickLookO1_s5Int64Vvg
Index: Duplicate USR! s:s20_PlaygroundQuickLookO1_s5Int64Vvp
Index: Duplicate USR! s:s20_PlaygroundQuickLookO1_s5Int64Vvs
Index: Duplicate USR! s:s20_PlaygroundQuickLookO1_s5Int64Vvg
Index: Duplicate USR! s:s20_PlaygroundQuickLookO1_s5Int64Vvp
Index: Duplicate USR! s:s20_PlaygroundQuickLookO1_s5Int64Vvs
Index: Duplicate USR! s:s20_PlaygroundQuickLookO1_ypvg
Index: Duplicate USR! s:s20_PlaygroundQuickLookO1_ypvp
Index: Duplicate USR! s:s20_PlaygroundQuickLookO1_ypvs
Index: Duplicate USR! s:s20_PlaygroundQuickLookO1_ypvg
Index: Duplicate USR! s:s20_PlaygroundQuickLookO1_ypvp
Index: Duplicate USR! s:s20_PlaygroundQuickLookO1_ypvs
Index: Duplicate USR! s:s20_PlaygroundQuickLookO1_SSvg
Index: Duplicate USR! s:s20_PlaygroundQuickLookO1_SSvp
Index: Duplicate USR! s:s20_PlaygroundQuickLookO1_SSvs
Index: Duplicate USR! s:s20_PlaygroundQuickLookO1_SSvg
Index: Duplicate USR! s:s20_PlaygroundQuickLookO1_SSvp
Index: Duplicate USR! s:s20_PlaygroundQuickLookO1_SSvs
Index: Duplicate USR! s:s21_StringRepresentationV5_FormO6objectyXlvg
Index: Duplicate USR! s:s21_StringRepresentationV5_FormO6objectyXlvp
Index: Duplicate USR! s:s21_StringRepresentationV5_FormO6objectyXlvs
Index: Duplicate USR! s:s16KeyPathComponentO6offsetSivg
Index: Duplicate USR! s:s16KeyPathComponentO6offsetSivp

Index: Duplicate USR! s:s16KeyPathComponentO6offsetSivs
Index: Duplicate USR! s:s16KeyPathComponentO2ids18ComputedPropertyIDVvg
Index: Duplicate USR! s:s16KeyPathComponentO2ids18ComputedPropertyIDVvp
Index: Duplicate USR! s:s16KeyPathComponentO2ids18ComputedPropertyIDVvs
Index: Duplicate USR! s:s16KeyPathComponentO3getSVvg
Index: Duplicate USR! s:s16KeyPathComponentO3getSVvp
Index: Duplicate USR! s:s16KeyPathComponentO3getSVvs
Index: Duplicate USR! s:s16KeyPathComponentO8argumentAB11ArgumentRefVSgvg
Index: Duplicate USR! s:s16KeyPathComponentO8argumentAB11ArgumentRefVSgvp
Index: Duplicate USR! s:s16KeyPathComponentO8argumentAB11ArgumentRefVSgvs
Index: Duplicate USR! s:s16KeyPathComponentO2ids18ComputedPropertyIDVvg
Index: Duplicate USR! s:s16KeyPathComponentO2ids18ComputedPropertyIDVvp
Index: Duplicate USR! s:s16KeyPathComponentO2ids18ComputedPropertyIDVvs
Index: Duplicate USR! s:s16KeyPathComponentO3getSVvg
Index: Duplicate USR! s:s16KeyPathComponentO3getSVvp
Index: Duplicate USR! s:s16KeyPathComponentO3getSVvs
Index: Duplicate USR! s:s16KeyPathComponentO3setSVvg
Index: Duplicate USR! s:s16KeyPathComponentO3setSVvp
Index: Duplicate USR! s:s16KeyPathComponentO3setSVvs
Index: Duplicate USR! s:s16KeyPathComponentO8argumentAB11ArgumentRefVSgvg
Index: Duplicate USR! s:s16KeyPathComponentO8argumentAB11ArgumentRefVSgvp
Index: Duplicate USR! s:s16KeyPathComponentO8argumentAB11ArgumentRefVSgvs
Index: Duplicate USR! s:10Foundation12_DataStorageC7BackingO1_So6NSDataCvg
Index: Duplicate USR! s:10Foundation12_DataStorageC7BackingO1_So6NSDataCvp
Index: Duplicate USR! s:10Foundation12_DataStorageC7BackingO1_So6NSDataCvs
Index: Duplicate USR! s:10Foundation12_DataStorageC7BackingO1_So09NSMutableB0Cvg
Index: Duplicate USR! s:10Foundation12_DataStorageC7BackingO1_So09NSMutableB0Cvp
Index: Duplicate USR! s:10Foundation12_DataStorageC7BackingO1_So09NSMutableB0Cvs
Index: Duplicate USR! s:10Foundation9IndexPathV7Storage33_99E5384770E52278DCADDB8A2FD5C86ELLO1_Sivg
Index: Duplicate USR! s:10Foundation9IndexPathV7Storage33_99E5384770E52278DCADDB8A2FD5C86ELLO1_Sivp
Index: Duplicate USR! s:10Foundation9IndexPathV7Storage33_99E5384770E52278DCADDB8A2FD5C86ELLO1_Sivs
Index: Duplicate USR! s:10Foundation9IndexPathV7Storage33_99E5384770E52278DCADDB8A2FD5C86ELLO1_Sivg
Index: Duplicate USR! s:10Foundation9IndexPathV7Storage33_99E5384770E52278DCADDB8A2FD5C86ELLO1_Sivp
Index: Duplicate USR! s:10Foundation9IndexPathV7Storage33_99E5384770E52278DCADDB8A2FD5C86ELLO1_Sivs
Index: Duplicate USR! c:objc(cs)NSObject(im)init
Index: Duplicate USR! s:10TensorFlow0A0V14TFSwiftReportsE3barSSvg
!dbg attachment points at wrong subprogram for function
!77 = distinct !DISubprogram(name: "foo", linkageName: "$s10TensorFlow0A0V14TFSwiftReportsE3fooSSyF", scope: !6, file: !5, line: 13, type: !59, isLocal: false, isDefinition: true, scopeLine: 13, isOptimized: false, unit: !0, retainedNodes: !2)
{ %swift.bridge*, i64 } (%T10TensorFlow0A6HandleC*, %swift.type*, i8**)* @"$s10TensorFlow0A0V14TFSwiftReportsE3fooSSyF"
  store %T10TensorFlow0A6HandleC* %0, %T10TensorFlow0A6HandleC** %7, align 8, !dbg !68
!68 = !DILocation(line: 0, scope: !58)
!58 = distinct !DISubprogram(name: "bar.get", linkageName: "$s10TensorFlow0A0V14TFSwiftReportsE3barSSvg", scope: !6, file: !5, line: 9, type: !59, isLocal: false, isDefinition: true, scopeLine: 9, isOptimized: false, unit: !0, retainedNodes: !2)
!58 = distinct !DISubprogram(name: "bar.get", linkageName: "$s10TensorFlow0A0V14TFSwiftReportsE3barSSvg", scope: !6, file: !5, line: 9, type: !59, isLocal: false, isDefinition: true, scopeLine: 9, isOptimized: false, unit: !0, retainedNodes: !2)
<unknown>:0: error: fatal error encountered during compilation; please file a bug report with your project and the crash log
<unknown>:0: note: Broken module found, compilation aborted!
Stack dump:
0.	Program arguments: /Library/Developer/Toolchains/swift-tensorflow-DEVELOPMENT-2019-01-04-a.xctoolchain/usr/bin/swift -frontend -c -primary-file /Users/roaming/Projects/TFSwiftReports/Sources/TFSwiftReports/TFSwiftReports.swift -emit-module-path /Users/roaming/Proje
cts/TFSwiftReports/.build/x86_64-apple-macosx10.10/debug/TFSwiftReports.build/TFSwiftReports~partial.swiftmodule -emit-module-doc-path /Users/roaming/Projects/TFSwiftReports/.build/x86_64-apple-macosx10.10/debug/TFSwiftReports.build/TFSwiftReports~partial.swiftdoc -emit-dependencies-path /Users/roaming/Projects/TFSwiftReports/.build/x86_64-apple-macosx10.10/debug/TFSwiftReports.build/TFSwiftReports.d -emit-reference-dependencies-path /Users/roaming/Projects/TFSwiftReports/.build/x86_64-apple-macosx10.10/debug/TFSwiftReports.build/TFSwiftReports.swiftdeps -target x86_64-apple-macosx10.10 -enable-objc-interop -sdk /Applications/Xcode.app/Contents/Developer/Platforms/MacOSX.platform/Developer/SDKs/MacOSX10.14.sdk -I /Users/roaming/Projects/TFSwiftReports/.build/x86_64-apple-macosx10.10/debug -F /Applications/Xcode.app/Contents/Developer/Platforms/MacOSX.platform/Developer/Library/Frameworks -enable-testing -g -module-cache-path /Users/roaming/Projects/TFSwiftReports/.build/x86_64-apple-macosx10.10/debug/ModuleCache -swift-version 4.2 -Onone -D SWIFT_PACKAGE -D DEBUG -parse-as-library -module-name TFSwiftReports -o /Users/roaming/Projects/TFSwiftReports/.build/x86_64-apple-macosx10.10/debug/TFSwiftReports.build/TFSwiftReports.swift.o -index-store-path /Users/roaming/Projects/TFSwiftReports/.build/x86_64-apple-macosx10.10/debug/index/store -index-system-modules 
0  swift                    0x0000000103d85338 llvm::sys::PrintStackTrace(llvm::raw_ostream&) + 40
1  swift                    0x0000000103d845b5 llvm::sys::RunSignalHandlers() + 85
2  swift                    0x0000000103d85942 SignalHandler(int) + 258
3  libsystem_platform.dylib 0x00007fff77d54b3d _sigtramp + 29
4  libsystem_platform.dylib 0x00007ffeefbb1d70 _sigtramp + 2011550288
5  libsystem_c.dylib        0x00007fff77c121c9 abort + 127
6  swift                    0x00000001000a3501 swift::performFrontend(llvm::ArrayRef<char const*>, char const*, void*, swift::FrontendObserver*)::$_1::__invoke(void*, std::__1::basic_string<char, std::__1::char_traits<char>, std::__1::allocator<char> > const&, bool) + 529
7  swift                    0x0000000103d1fd4b llvm::report_fatal_error(llvm::Twine const&, bool) + 251
8  swift                    0x0000000103d1fc4b llvm::report_fatal_error(char const*, bool) + 43
9  swift                    0x0000000103cceb92 (anonymous namespace)::VerifierLegacyPass::doFinalization(llvm::Module&) + 210
10 swift                    0x0000000103c5a5f6 llvm::FPPassManager::doFinalization(llvm::Module&) + 70
11 swift                    0x0000000103c59de5 llvm::legacy::FunctionPassManagerImpl::doFinalization(llvm::Module&) + 85
12 swift                    0x0000000100213f78 swift::performLLVMOptimizations(swift::IRGenOptions&, llvm::Module*, llvm::TargetMachine*) + 1176
13 swift                    0x0000000100214c13 swift::performLLVM(swift::IRGenOptions&, swift::DiagnosticEngine*, llvm::sys::SmartMutex<false>*, llvm::GlobalVariable*, llvm::Module*, llvm::TargetMachine*, swift::version::Version const&, llvm::StringRef, swift::UnifiedStatsReporter*) + 1875
14 swift                    0x00000001000a2e68 performCompile(swift::CompilerInstance&, swift::CompilerInvocation&, llvm::ArrayRef<char const*>, int&, swift::FrontendObserver*, swift::UnifiedStatsReporter*) + 14312
15 swift                    0x000000010009e5ed swift::performFrontend(llvm::ArrayRef<char const*>, char const*, void*, swift::FrontendObserver*) + 3021
16 swift                    0x00000001000503de main + 686
17 libdyld.dylib            0x00007fff77b69ed9 start + 1
18 libdyld.dylib            0x0000000000000029 start + 2286510417
<unknown>:0: error: unable to execute command: Abort trap: 6
<unknown>:0: error: compile command failed due to signal 6 (use -v to see invocation)

